<?xml version="1.0" encoding="UTF-8"?>
<!-- Generated by org.testng.reporters.JUnitReportReporter -->
<testsuite hostname="LIN24008133" failures="0" tests="5" name="CucumberOptions.TestNgRunner" time="0.129" errors="0" timestamp="2024-08-01T14:27:22 IST" skipped="0">
  <testcase classname="CucumberOptions.TestNgRunner" name="runScenario" time="0.003"/>
  <testcase classname="CucumberOptions.TestNgRunner" name="runScenario" time="0.004"/>
  <testcase classname="CucumberOptions.TestNgRunner" name="runScenario" time="0.112"/>
  <testcase classname="CucumberOptions.TestNgRunner" name="runScenario" time="0.008"/>
  <testcase classname="CucumberOptions.TestNgRunner" name="runScenario" time="0.002"/>
</testsuite> <!-- CucumberOptions.TestNgRunner -->
